Buildfile: D:\Public\do-small\Dropbox\github\Coupled\toolkit\ant-ext\jython\build.xml

init:

compile:
  [jythonc] compiling 1 file
  [jythonc] Traceback (most recent call last):
  [jythonc]   File "C:\opt\jython2.2.1\Tools\jythonc\jythonc.py", line 4, in <module>
  [jythonc]     import main
  [jythonc]   File "C:\opt\jython2.2.1\Tools\jythonc\main.py", line 74, in <module>
  [jythonc]     from compile import Compiler
  [jythonc]   File "C:\opt\jython2.2.1\Tools\jythonc\compile.py", line 7, in <module>
  [jythonc]     from SrcGenCompiler import SrcGenCompiler
  [jythonc]   File "C:\opt\jython2.2.1\Tools\jythonc\SrcGenCompiler.py", line 4, in <module>
  [jythonc]     import ImportName
  [jythonc]   File "C:\opt\jython2.2.1\Tools\jythonc\ImportName.py", line 6, in <module>
  [jythonc]     from org.python.core import PyModule, PyJavaClass, PyClass, \
  [jythonc] java.lang.VerifyError: class org.python.core.PyJavaClass overrides final method __findattr__.(Ljava/lang/String;)Lorg/python/core/PyObject;
  [jythonc] 	at java.lang.ClassLoader.defineClass1(Native Method)
  [jythonc] 	at java.lang.ClassLoader.defineClassCond(ClassLoader.java:631)
  [jythonc] 	at java.lang.ClassLoader.defineClass(ClassLoader.java:615)
  [jythonc] 	at java.security.SecureClassLoader.defineClass(SecureClassLoader.java:141)
  [jythonc] 	at java.net.URLClassLoader.defineClass(URLClassLoader.java:283)
  [jythonc] 	at java.net.URLClassLoader.access$000(URLClassLoader.java:58)
  [jythonc] 	at java.net.URLClassLoader$1.run(URLClassLoader.java:197)
  [jythonc] 	at java.security.AccessController.doPrivileged(Native Method)
  [jythonc] 	at java.net.URLClassLoader.findClass(URLClassLoader.java:190)
  [jythonc] 	at java.lang.ClassLoader.loadClass(ClassLoader.java:306)
  [jythonc] 	at sun.misc.Launcher$AppClassLoader.loadClass(Launcher.java:301)
  [jythonc] 	at java.lang.ClassLoader.loadClass(ClassLoader.java:295)
  [jythonc] 	at java.lang.ClassLoader.loadClass(ClassLoader.java:247)
  [jythonc] 	at java.lang.Class.forName0(Native Method)
  [jythonc] 	at java.lang.Class.forName(Class.java:247)
  [jythonc] 	at org.python.core.Py.loadAndInitClass(Py.java:909)
  [jythonc] 	at org.python.core.Py.findClassInternal(Py.java:844)
  [jythonc] 	at org.python.core.Py.findClassEx(Py.java:895)
  [jythonc] 	at org.python.core.packagecache.SysPackageManager.findClass(SysPackageManager.java:133)
  [jythonc] 	at org.python.core.packagecache.PackageManager.findClass(PackageManager.java:28)
  [jythonc] 	at org.python.core.packagecache.SysPackageManager.findClass(SysPackageManager.java:122)
  [jythonc] 	at org.python.core.PyJavaPackage.__findattr_ex__(PyJavaPackage.java:137)
  [jythonc] 	at org.python.core.PyObject.__findattr__(PyObject.java:863)
  [jythonc] 	at org.python.core.imp.importFromAs(imp.java:1015)
  [jythonc] 	at org.python.core.imp.importFrom(imp.java:987)
  [jythonc] 	at ImportName$py.f$0(C:\opt\jython2.2.1\Tools\jythonc\ImportName.py:186)
  [jythonc] 	at ImportName$py.call_function(C:\opt\jython2.2.1\Tools\jythonc\ImportName.py)
  [jythonc] 	at org.python.core.PyTableCode.call(PyTableCode.java:165)
  [jythonc] 	at org.python.core.PyCode.call(PyCode.java:18)
  [jythonc] 	at org.python.core.imp.createFromCode(imp.java:391)
  [jythonc] 	at org.python.core.imp.createFromPyClass(imp.java:209)
  [jythonc] 	at org.python.core.imp.loadFromSource(imp.java:572)
  [jythonc] 	at org.python.core.imp.find_module(imp.java:478)
  [jythonc] 	at org.python.core.imp.import_next(imp.java:718)
  [jythonc] 	at org.python.core.imp.import_module_level(imp.java:827)
  [jythonc] 	at org.python.core.imp.importName(imp.java:917)
  [jythonc] 	at org.python.core.ImportFunction.__call__(__builtin__.java:1220)
  [jythonc] 	at org.python.core.PyObject.__call__(PyObject.java:357)
  [jythonc] 	at org.python.core.__builtin__.__import__(__builtin__.java:1173)
  [jythonc] 	at org.python.core.imp.importOne(imp.java:936)
  [jythonc] 	at SrcGenCompiler$py.f$0(C:\opt\jython2.2.1\Tools\jythonc\SrcGenCompiler.py:242)
  [jythonc] 	at SrcGenCompiler$py.call_function(C:\opt\jython2.2.1\Tools\jythonc\SrcGenCompiler.py)
  [jythonc] 	at org.python.core.PyTableCode.call(PyTableCode.java:165)
  [jythonc] 	at org.python.core.PyCode.call(PyCode.java:18)
  [jythonc] 	at org.python.core.imp.createFromCode(imp.java:391)
  [jythonc] 	at org.python.core.imp.createFromPyClass(imp.java:209)
  [jythonc] 	at org.python.core.imp.loadFromSource(imp.java:572)
  [jythonc] 	at org.python.core.imp.find_module(imp.java:478)
  [jythonc] 	at org.python.core.imp.import_next(imp.java:718)
  [jythonc] 	at org.python.core.imp.import_module_level(imp.java:827)
  [jythonc] 	at org.python.core.imp.importName(imp.java:917)
  [jythonc] 	at org.python.core.ImportFunction.__call__(__builtin__.java:1220)
  [jythonc] 	at org.python.core.PyObject.__call__(PyObject.java:357)
  [jythonc] 	at org.python.core.__builtin__.__import__(__builtin__.java:1173)
  [jythonc] 	at org.python.core.imp.importFromAs(imp.java:1011)
  [jythonc] 	at org.python.core.imp.importFrom(imp.java:987)
  [jythonc] 	at compile$py.f$0(C:\opt\jython2.2.1\Tools\jythonc\compile.py:484)
  [jythonc] 	at compile$py.call_function(C:\opt\jython2.2.1\Tools\jythonc\compile.py)
  [jythonc] 	at org.python.core.PyTableCode.call(PyTableCode.java:165)
  [jythonc] 	at org.python.core.PyCode.call(PyCode.java:18)
  [jythonc] 	at org.python.core.imp.createFromCode(imp.java:391)
  [jythonc] 	at org.python.core.imp.createFromPyClass(imp.java:209)
  [jythonc] 	at org.python.core.imp.loadFromSource(imp.java:572)
  [jythonc] 	at org.python.core.imp.find_module(imp.java:478)
  [jythonc] 	at org.python.core.imp.import_next(imp.java:718)
  [jythonc] 	at org.python.core.imp.import_module_level(imp.java:827)
  [jythonc] 	at org.python.core.imp.importName(imp.java:917)
  [jythonc] 	at org.python.core.ImportFunction.__call__(__builtin__.java:1220)
  [jythonc] 	at org.python.core.PyObject.__call__(PyObject.java:357)
  [jythonc] 	at org.python.core.__builtin__.__import__(__builtin__.java:1173)
  [jythonc] 	at org.python.core.imp.importFromAs(imp.java:1011)
  [jythonc] 	at org.python.core.imp.importFrom(imp.java:987)
  [jythonc] 	at main$py.f$0(C:\opt\jython2.2.1\Tools\jythonc\main.py:306)
  [jythonc] 	at main$py.call_function(C:\opt\jython2.2.1\Tools\jythonc\main.py)
  [jythonc] 	at org.python.core.PyTableCode.call(PyTableCode.java:165)
  [jythonc] 	at org.python.core.PyCode.call(PyCode.java:18)
  [jythonc] 	at org.python.core.imp.createFromCode(imp.java:391)
  [jythonc] 	at org.python.core.imp.createFromPyClass(imp.java:209)
  [jythonc] 	at org.python.core.imp.loadFromSource(imp.java:572)
  [jythonc] 	at org.python.core.imp.find_module(imp.java:478)
  [jythonc] 	at org.python.core.imp.import_next(imp.java:718)
  [jythonc] 	at org.python.core.imp.import_module_level(imp.java:827)
  [jythonc] 	at org.python.core.imp.importName(imp.java:917)
  [jythonc] 	at org.python.core.ImportFunction.__call__(__builtin__.java:1220)
  [jythonc] 	at org.python.core.PyObject.__call__(PyObject.java:357)
  [jythonc] 	at org.python.core.__builtin__.__import__(__builtin__.java:1173)
  [jythonc] 	at org.python.core.imp.importOne(imp.java:936)
  [jythonc] 	at org.python.pycode._pyx5.f$0(C:\opt\jython2.2.1\Tools\jythonc\jythonc.py:8)
  [jythonc] 	at org.python.pycode._pyx5.call_function(C:\opt\jython2.2.1\Tools\jythonc\jythonc.py)
  [jythonc] 	at org.python.core.PyTableCode.call(PyTableCode.java:165)
  [jythonc] 	at org.python.core.PyCode.call(PyCode.java:18)
  [jythonc] 	at org.python.core.Py.runCode(Py.java:1275)
  [jythonc] 	at org.python.util.PythonInterpreter.execfile(PythonInterpreter.java:235)
  [jythonc] 	at org.python.util.jython.run(jython.java:247)
  [jythonc] 	at org.python.util.jython.main(jython.java:129)
  [jythonc] 
  [jythonc] java.lang.VerifyError: java.lang.VerifyError: class org.python.core.PyJavaClass overrides final method __findattr__.(Ljava/lang/String;)Lorg/python/core/PyObject;
Buildfile: D:\Public\do-small\Dropbox\github\Coupled\toolkit\ant-ext\jython\build.xml

init:

compile:
  [jythonc] compiling 1 file
  [jythonc] Traceback (most recent call last):
  [jythonc]   File "C:\opt\jython2.2.1\Tools\jythonc\jythonc.py", line 4, in <module>
  [jythonc]     import main
  [jythonc]   File "C:\opt\jython2.2.1\Tools\jythonc\main.py", line 74, in <module>
  [jythonc]     from compile import Compiler
  [jythonc]   File "C:\opt\jython2.2.1\Tools\jythonc\compile.py", line 7, in <module>
  [jythonc]     from SrcGenCompiler import SrcGenCompiler
  [jythonc]   File "C:\opt\jython2.2.1\Tools\jythonc\SrcGenCompiler.py", line 4, in <module>
  [jythonc]     import ImportName
  [jythonc]   File "C:\opt\jython2.2.1\Tools\jythonc\ImportName.py", line 6, in <module>
  [jythonc]     from org.python.core import PyModule, PyJavaClass, PyClass, \
  [jythonc] java.lang.VerifyError: class org.python.core.PyJavaClass overrides final method __findattr__.(Ljava/lang/String;)Lorg/python/core/PyObject;
  [jythonc] 	at java.lang.ClassLoader.defineClass1(Native Method)
  [jythonc] 	at java.lang.ClassLoader.defineClassCond(ClassLoader.java:631)
  [jythonc] 	at java.lang.ClassLoader.defineClass(ClassLoader.java:615)
  [jythonc] 	at java.security.SecureClassLoader.defineClass(SecureClassLoader.java:141)
  [jythonc] 	at java.net.URLClassLoader.defineClass(URLClassLoader.java:283)
  [jythonc] 	at java.net.URLClassLoader.access$000(URLClassLoader.java:58)
  [jythonc] 	at java.net.URLClassLoader$1.run(URLClassLoader.java:197)
  [jythonc] 	at java.security.AccessController.doPrivileged(Native Method)
  [jythonc] 	at java.net.URLClassLoader.findClass(URLClassLoader.java:190)
  [jythonc] 	at java.lang.ClassLoader.loadClass(ClassLoader.java:306)
  [jythonc] 	at sun.misc.Launcher$AppClassLoader.loadClass(Launcher.java:301)
  [jythonc] 	at java.lang.ClassLoader.loadClass(ClassLoader.java:295)
  [jythonc] 	at java.lang.ClassLoader.loadClass(ClassLoader.java:247)
  [jythonc] 	at java.lang.Class.forName0(Native Method)
  [jythonc] 	at java.lang.Class.forName(Class.java:247)
  [jythonc] 	at org.python.core.Py.loadAndInitClass(Py.java:909)
  [jythonc] 	at org.python.core.Py.findClassInternal(Py.java:844)
  [jythonc] 	at org.python.core.Py.findClassEx(Py.java:895)
  [jythonc] 	at org.python.core.packagecache.SysPackageManager.findClass(SysPackageManager.java:133)
  [jythonc] 	at org.python.core.packagecache.PackageManager.findClass(PackageManager.java:28)
  [jythonc] 	at org.python.core.packagecache.SysPackageManager.findClass(SysPackageManager.java:122)
  [jythonc] 	at org.python.core.PyJavaPackage.__findattr_ex__(PyJavaPackage.java:137)
  [jythonc] 	at org.python.core.PyObject.__findattr__(PyObject.java:863)
  [jythonc] 	at org.python.core.imp.importFromAs(imp.java:1015)
  [jythonc] 	at org.python.core.imp.importFrom(imp.java:987)
  [jythonc] 	at ImportName$py.f$0(C:\opt\jython2.2.1\Tools\jythonc\ImportName.py:186)
  [jythonc] 	at ImportName$py.call_function(C:\opt\jython2.2.1\Tools\jythonc\ImportName.py)
  [jythonc] 	at org.python.core.PyTableCode.call(PyTableCode.java:165)
  [jythonc] 	at org.python.core.PyCode.call(PyCode.java:18)
  [jythonc] 	at org.python.core.imp.createFromCode(imp.java:391)
  [jythonc] 	at org.python.core.imp.createFromPyClass(imp.java:209)
  [jythonc] 	at org.python.core.imp.loadFromSource(imp.java:572)
  [jythonc] 	at org.python.core.imp.find_module(imp.java:478)
  [jythonc] 	at org.python.core.imp.import_next(imp.java:718)
  [jythonc] 	at org.python.core.imp.import_module_level(imp.java:827)
  [jythonc] 	at org.python.core.imp.importName(imp.java:917)
  [jythonc] 	at org.python.core.ImportFunction.__call__(__builtin__.java:1220)
  [jythonc] 	at org.python.core.PyObject.__call__(PyObject.java:357)
  [jythonc] 	at org.python.core.__builtin__.__import__(__builtin__.java:1173)
  [jythonc] 	at org.python.core.imp.importOne(imp.java:936)
  [jythonc] 	at SrcGenCompiler$py.f$0(C:\opt\jython2.2.1\Tools\jythonc\SrcGenCompiler.py:242)
  [jythonc] 	at SrcGenCompiler$py.call_function(C:\opt\jython2.2.1\Tools\jythonc\SrcGenCompiler.py)
  [jythonc] 	at org.python.core.PyTableCode.call(PyTableCode.java:165)
  [jythonc] 	at org.python.core.PyCode.call(PyCode.java:18)
  [jythonc] 	at org.python.core.imp.createFromCode(imp.java:391)
  [jythonc] 	at org.python.core.imp.createFromPyClass(imp.java:209)
  [jythonc] 	at org.python.core.imp.loadFromSource(imp.java:572)
  [jythonc] 	at org.python.core.imp.find_module(imp.java:478)
  [jythonc] 	at org.python.core.imp.import_next(imp.java:718)
  [jythonc] 	at org.python.core.imp.import_module_level(imp.java:827)
  [jythonc] 	at org.python.core.imp.importName(imp.java:917)
  [jythonc] 	at org.python.core.ImportFunction.__call__(__builtin__.java:1220)
  [jythonc] 	at org.python.core.PyObject.__call__(PyObject.java:357)
  [jythonc] 	at org.python.core.__builtin__.__import__(__builtin__.java:1173)
  [jythonc] 	at org.python.core.imp.importFromAs(imp.java:1011)
  [jythonc] 	at org.python.core.imp.importFrom(imp.java:987)
  [jythonc] 	at compile$py.f$0(C:\opt\jython2.2.1\Tools\jythonc\compile.py:484)
  [jythonc] 	at compile$py.call_function(C:\opt\jython2.2.1\Tools\jythonc\compile.py)
  [jythonc] 	at org.python.core.PyTableCode.call(PyTableCode.java:165)
  [jythonc] 	at org.python.core.PyCode.call(PyCode.java:18)
  [jythonc] 	at org.python.core.imp.createFromCode(imp.java:391)
  [jythonc] 	at org.python.core.imp.createFromPyClass(imp.java:209)
  [jythonc] 	at org.python.core.imp.loadFromSource(imp.java:572)
  [jythonc] 	at org.python.core.imp.find_module(imp.java:478)
  [jythonc] 	at org.python.core.imp.import_next(imp.java:718)
  [jythonc] 	at org.python.core.imp.import_module_level(imp.java:827)
  [jythonc] 	at org.python.core.imp.importName(imp.java:917)
  [jythonc] 	at org.python.core.ImportFunction.__call__(__builtin__.java:1220)
  [jythonc] 	at org.python.core.PyObject.__call__(PyObject.java:357)
  [jythonc] 	at org.python.core.__builtin__.__import__(__builtin__.java:1173)
  [jythonc] 	at org.python.core.imp.importFromAs(imp.java:1011)
  [jythonc] 	at org.python.core.imp.importFrom(imp.java:987)
  [jythonc] 	at main$py.f$0(C:\opt\jython2.2.1\Tools\jythonc\main.py:306)
  [jythonc] 	at main$py.call_function(C:\opt\jython2.2.1\Tools\jythonc\main.py)
  [jythonc] 	at org.python.core.PyTableCode.call(PyTableCode.java:165)
  [jythonc] 	at org.python.core.PyCode.call(PyCode.java:18)
  [jythonc] 	at org.python.core.imp.createFromCode(imp.java:391)
  [jythonc] 	at org.python.core.imp.createFromPyClass(imp.java:209)
  [jythonc] 	at org.python.core.imp.loadFromSource(imp.java:572)
  [jythonc] 	at org.python.core.imp.find_module(imp.java:478)
  [jythonc] 	at org.python.core.imp.import_next(imp.java:718)
  [jythonc] 	at org.python.core.imp.import_module_level(imp.java:827)
  [jythonc] 	at org.python.core.imp.importName(imp.java:917)
  [jythonc] 	at org.python.core.ImportFunction.__call__(__builtin__.java:1220)
  [jythonc] 	at org.python.core.PyObject.__call__(PyObject.java:357)
  [jythonc] 	at org.python.core.__builtin__.__import__(__builtin__.java:1173)
  [jythonc] 	at org.python.core.imp.importOne(imp.java:936)
  [jythonc] 	at org.python.pycode._pyx5.f$0(C:\opt\jython2.2.1\Tools\jythonc\jythonc.py:8)
  [jythonc] 	at org.python.pycode._pyx5.call_function(C:\opt\jython2.2.1\Tools\jythonc\jythonc.py)
  [jythonc] 	at org.python.core.PyTableCode.call(PyTableCode.java:165)
  [jythonc] 	at org.python.core.PyCode.call(PyCode.java:18)
  [jythonc] 	at org.python.core.Py.runCode(Py.java:1275)
  [jythonc] 	at org.python.util.PythonInterpreter.execfile(PythonInterpreter.java:235)
  [jythonc] 	at org.python.util.jython.run(jython.java:247)
  [jythonc] 	at org.python.util.jython.main(jython.java:129)
  [jythonc] 
  [jythonc] java.lang.VerifyError: java.lang.VerifyError: class org.python.core.PyJavaClass overrides final method __findattr__.(Ljava/lang/String;)Lorg/python/core/PyObject;
