;   src\out\files\app_js_month_engine.js.html : 1
;   src\out\assets\js\apidocs.js : 8
;   src\out\assets\vendor\prettify\CHANGES.html : 1
;   src\out\assets\vendor\prettify\README.html : 6
;   src\app\js\month_engine.js : 1
;   sbox\Hided\do-gimp\pict\Google I_O 2012.html : 1
;   sbox\Hided\do-gimp\pict\The Guide to the App Galaxy by Google.html : 149
;   sbox\Hided\do-gimp\pict\Google I_O 2012_files\script_h.js : 3
;   sbox\Hided\do-gimp\pict\Google I_O 2012_files\app00000.js : 5
;   sbox\Hided\do-gimp\pict\Google I_O 2012_files\jsapi000.js : 70
;   sbox\Hided\do-gimp\pict\Google I_O 2012_files\jquery00.js : 17
;   sbox\Hided\do-gimp\pict\Google I_O 2012_files\script_f.js : 51
;   sbox\Hided\do-gimp\pict\Google I_O 2012_files\jquery-u.js : 15
;   sbox\Hided\do-gimp\pict\The Guide to the App Galaxy by Google_files\jquery-1.js : 17
;   sbox\Hided\do-gimp\pict\The Guide to the App Galaxy by Google_files\jquery-u.js : 15
;   sbox\Hided\hello-world\hello\bin\js\swfobject.js : 9
;   sbox\Hided\hello-world\coursor\bin\js\swfobject.js : 9
;   sbox\Hided\hello-world\coursor_3\bin\js\swfobject.js : 9
;   sbox\Hided\hello-world\virtualzoo\bin\js\swfobject.js : 9
;   sbox\Hided\js-aptana-air\lib\air\AIRAliases.js : 2
;   sbox\Hided\js-aptana-air\lib\badge\swfobject.js : 10
;   sbox\Hided\js-aptana-air\lib\jquery\jquery-1.3.2.min.js : 12
;   sbox\Hided\js-aptana-air\lib\jquery\jquery-1.3.2.js : 21
;   sbox\Hided\planner-vk\bin\js\swfobject.js : 9
;   sbox\Hided\tmp-prj\jquery.js : 20
;   sbox\Hided\tmp-prj\ch1\jquery.js : 20
;   sbox\Hided\air-pack\AIRHelloWorld\AIRHelloWorld.html : 1
;   sbox\Hided\air-pack\AIRHelloWorld\AIRAliases.js : 2
;   sbox\Hided\aptana2-test\air-test.html : 4
;   sbox\Hided\aptana2-test\lib\air\AIRAliases.js : 2
;   sbox\Hided\js-prj-test\jquery.js : 20
;   sbox\Hided\js-prj-test\lib\jquery\jquery-1.3.2.min.js : 12
;   sbox\Hided\js-prj-test\lib\jquery\jquery-1.3.2.js : 21
;   sbox\airJsSql\adobe\AIRAliases.js : 2
;   sbox\airJsSql\libs\AIRAliases.js : 2
;   sbox\airJsSql\libs\qunit.js : 5
;   sbox\airJsSql\libs\jquery\jquery-1.3.2.min.js : 12
;   sbox\airJsSql\libs\jquery\jquery-1.3.2.js : 21
;   hided\applications\Doomi. A to do list application..mht.html : 4
;   hided\applications\Free Time Tracking Software - Klok Free and Klok Pro.html : 4
;   hided\applications\Doomi. A to do list application..mht_files\AC_RunAc.js : 1
;   hided\applications\Free Time Tracking Software - Klok Free and Klok Pro_files\swfobjec.js : 10
;   hided\applications\Free Time Tracking Software - Klok Free and Klok Pro_files\show_ads.js : 16
;   hided\applications\Free Time Tracking Software - Klok Free and Klok Pro_files\jquery01.js : 40
;   hided\applications\Free Time Tracking Software - Klok Free and Klok Pro_files\jquery02.js : 12
;   hided\applications\Free Time Tracking Software - Klok Free and Klok Pro_files\jquery-1.js : 15
;   hided\applications\Free Time Tracking Software - Klok Free and Klok Pro_files\jquery-u.js : 15
;   libs\AIRAliases.js : 2
;   libs\qunit.js : 5
;   libs\jquery\jquery-1.3.2.min.js : 12
;   libs\jquery\jquery-1.3.2.js : 21
